2023-09-19 03:55:19 Download metadata files
azcopy --quiet --source https://prodanalyzertools.blob.core.windows.net/analyzer-tools/8c71c0f17a0add01a01a641ebab76aa8/13f6578ef23745169afa983d433d2e87/ --destination /adaptive-labs/ --source-key okPociTvq0y0wGPGYr1gpd/kudRN3Tf7KBet2XOujMeI4+iQiffXWlnLa0gXC1ka3x7MVpqsr+noFGUr8ksl1Q== --recursive --resume /adaptive-labs/logs/8c71c0f17a0add01a01a641ebab76aa8/13f6578ef23745169afa983d433d2e87/
[2023/09/19 15:55:20] Transfer summary:
-----------------
Total files transferred: 5
Transfer successfully:   5
Transfer skipped:        0
Transfer failed:         0
Elapsed time:            00.00:00:01
2023-09-19 03:55:20 Done download metadata files
2023-09-19 03:55:20 Download metadata files
azcopy --quiet --source https://prodanalyzertools.blob.core.windows.net/analyzer-tools/8c71c0f17a0add01a01a641ebab76aa8/13f6578ef23745169afa983d433d2e87/ --destination /adaptive-labs/ --source-key okPociTvq0y0wGPGYr1gpd/kudRN3Tf7KBet2XOujMeI4+iQiffXWlnLa0gXC1ka3x7MVpqsr+noFGUr8ksl1Q== --recursive --resume /adaptive-labs/logs/8c71c0f17a0add01a01a641ebab76aa8/13f6578ef23745169afa983d433d2e87/
[2023/09/19 15:55:21] Transfer summary:
-----------------
Total files transferred: 5
Transfer successfully:   5
Transfer skipped:        0
Transfer failed:         0
Elapsed time:            00.00:00:00
2023-09-19 03:55:21 Done download metadata files
2023-09-19 03:55:21 Download tsv files
azcopy --quiet --source https://adaptiveanalyzerprod.blob.core.windows.net/sequences/83ec1e80/317d/41a8/8154/700997a90f70.tsv.gz --destination /adaptive-labs/input/700997a90f70.tsv.gz --source-key rnv1TbXNsYhfkp+vLknBhMOu3Fap+UGjYT75rhJe+nzKBoLZyplsyky/GgXEx3Wg6DufXPURdRM5FKtX+WIXfg== --resume /adaptive-labs/logs/8c71c0f17a0add01a01a641ebab76aa8/13f6578ef23745169afa983d433d2e87/
[2023/09/19 15:55:23] Transfer summary:
-----------------
Total files transferred: 1
Transfer successfully:   1
Transfer skipped:        0
Transfer failed:         0
Elapsed time:            00.00:00:01
azcopy --quiet --source https://adaptiveanalyzerprod.blob.core.windows.net/sequences/c854df49/b41a/4cd9/8968/4bacd3cda1f4.tsv.gz --destination /adaptive-labs/input/4bacd3cda1f4.tsv.gz --source-key rnv1TbXNsYhfkp+vLknBhMOu3Fap+UGjYT75rhJe+nzKBoLZyplsyky/GgXEx3Wg6DufXPURdRM5FKtX+WIXfg== --resume /adaptive-labs/logs/8c71c0f17a0add01a01a641ebab76aa8/13f6578ef23745169afa983d433d2e87/
[2023/09/19 15:55:25] Transfer summary:
-----------------
Total files transferred: 1
Transfer successfully:   1
Transfer skipped:        0
Transfer failed:         0
Elapsed time:            00.00:00:01
2023-09-19 03:55:26 Done download tsv files
python /adaptive-labs/analysis/rundiffabBatch_2017_09_08.py /adaptive-labs/output /adaptive-labs/input/config.cfg /adaptive-labs/input/samples_reduced.txt
/usr/lib64/python2.7/site-packages/matplotlib/cbook/deprecation.py:107: MatplotlibDeprecationWarning: Passing one of 'on', 'true', 'off', 'false' as a boolean is deprecated; use an actual boolean (True/False) instead.
  warnings.warn(message, mplDeprecation, stacklevel=1)
2023-09-19 03:55:46 Uploading raw data
azcopy --quiet --source /adaptive-labs/output/ --destination https://prodanalyzertools.blob.core.windows.net/analyzer-tools/8c71c0f17a0add01a01a641ebab76aa8/13f6578ef23745169afa983d433d2e87/output/ --dest-key okPociTvq0y0wGPGYr1gpd/kudRN3Tf7KBet2XOujMeI4+iQiffXWlnLa0gXC1ka3x7MVpqsr+noFGUr8ksl1Q== --recursive --resume /adaptive-labs/logs/8c71c0f17a0add01a01a641ebab76aa8/13f6578ef23745169afa983d433d2e87/
[2023/09/19 15:55:48] Transfer summary:
-----------------
Total files transferred: 9
Transfer successfully:   9
Transfer skipped:        0
Transfer failed:         0
Elapsed time:            00.00:00:01
2023-09-19 03:55:48 Done uploading raw data
